<?xml version="1.0" encoding="UTF-8"?>
<testng-results ignored="0" total="1" passed="1" failed="0" skipped="0">
  <reporter-output>
  </reporter-output>
  <suite started-at="2022-10-15T16:02:08 BST" name="Suite" finished-at="2022-10-15T16:02:34 BST" duration-ms="25847">
    <groups>
      <group name="cucumber">
        <method signature="AbstractTestNGCucumberTests.runScenario(io.cucumber.testng.PickleWrapper,io.cucumber.testng.FeatureWrapper)[pri:0, instance:com.cucumber.runner.Runner@6221a451]" name="runScenario" class="io.cucumber.testng.AbstractTestNGCucumberTests"/>
      </group> <!-- cucumber -->
    </groups>
    <test started-at="2022-10-15T16:02:08 BST" name="CucumberTest" finished-at="2022-10-15T16:02:34 BST" duration-ms="25847">
      <class name="com.cucumber.runner.Runner">
        <test-method is-config="true" signature="setUpClass(org.testng.ITestContext)[pri:0, instance:com.cucumber.runner.Runner@6221a451]" started-at="2022-10-15T16:02:08 BST" name="setUpClass" finished-at="2022-10-15T16:02:08 BST" duration-ms="764" status="PASS">
          <params>
            <param index="0">
              <value>
                <![CDATA[org.testng.TestRunner@4998e74b]]>
              </value>
            </param>
          </params>
          <reporter-output>
          </reporter-output>
        </test-method> <!-- setUpClass -->
        <test-method signature="runScenario(io.cucumber.testng.PickleWrapper,io.cucumber.testng.FeatureWrapper)[pri:0, instance:com.cucumber.runner.Runner@6221a451]" started-at="2022-10-15T16:02:08 BST" name="runScenario" description="Runs Cucumber Scenarios" data-provider="scenarios" finished-at="2022-10-15T16:02:32 BST" duration-ms="23928" status="PASS">
          <params>
            <param index="0">
              <value>
                <![CDATA["Access J.P.Morgan link from Google and verify its logo"]]>
              </value>
            </param>
            <param index="1">
              <value>
                <![CDATA["J.P.Morgan Logo Verification"]]>
              </value>
            </param>
          </params>
          <reporter-output>
          </reporter-output>
        </test-method> <!-- runScenario -->
        <test-method is-config="true" signature="tearDownClass()[pri:0, instance:com.cucumber.runner.Runner@6221a451]" started-at="2022-10-15T16:02:32 BST" name="tearDownClass" finished-at="2022-10-15T16:02:34 BST" duration-ms="1086" status="PASS">
          <reporter-output>
          </reporter-output>
        </test-method> <!-- tearDownClass -->
      </class> <!-- com.cucumber.runner.Runner -->
    </test> <!-- CucumberTest -->
  </suite> <!-- Suite -->
</testng-results>
